Arguments: 
  /usr/local/bin/node /usr/local/bin/yarn add @datadog/browser-rum

PATH: 
  /usr/local/bin:/usr/bin:/bin:/usr/sbin:/sbin

Yarn version: 
  1.22.18

Node version: 
  16.15.0

Platform: 
  darwin arm64

Trace: 
  SyntaxError: /Users/mattahmad/Documents/datadogtest/package.json: Unexpected token @ in JSON at position 0
      at JSON.parse (<anonymous>)
      at /usr/local/lib/node_modules/yarn/lib/cli.js:1625:59
      at Generator.next (<anonymous>)
      at step (/usr/local/lib/node_modules/yarn/lib/cli.js:310:30)
      at /usr/local/lib/node_modules/yarn/lib/cli.js:321:13

npm manifest: 
  @datadog/browser-rum
  {
    "name": "hello-world",
    "version": "0.1.0",
    "private": true,
    "scripts": {
      "dev": "next dev",
      "build": "next build",
      "start": "next start",
      "lint": "next lint"
    },
    "dependencies": {
      "next": "12.1.6",
      "react": "18.1.0",
      "react-dom": "18.1.0"
    },
    "devDependencies": {
      "eslint": "8.16.0",
      "eslint-config-next": "12.1.6"
    }
    
  }

yarn manifest: 
  No manifest

Lockfile: 
  No lockfile
